application/gzip
Started analysis of WGS.fq.gz
Approx 5% complete for WGS.fq.gz
Approx 10% complete for WGS.fq.gz
Approx 15% complete for WGS.fq.gz
Approx 20% complete for WGS.fq.gz
Approx 25% complete for WGS.fq.gz
Approx 30% complete for WGS.fq.gz
Approx 35% complete for WGS.fq.gz
Approx 40% complete for WGS.fq.gz
Approx 45% complete for WGS.fq.gz
Approx 50% complete for WGS.fq.gz
Approx 55% complete for WGS.fq.gz
Approx 60% complete for WGS.fq.gz
Approx 65% complete for WGS.fq.gz
Approx 70% complete for WGS.fq.gz
Approx 75% complete for WGS.fq.gz
Approx 80% complete for WGS.fq.gz
Approx 85% complete for WGS.fq.gz
Approx 90% complete for WGS.fq.gz
Approx 95% complete for WGS.fq.gz
Analysis complete for WGS.fq.gz
application/gzip
application/gzip
Started analysis of WTS.R1.fq.gz
Started analysis of WTS.R2.fq.gz
Approx 5% complete for WTS.R1.fq.gz
Approx 5% complete for WTS.R2.fq.gz
Approx 10% complete for WTS.R1.fq.gz
Approx 10% complete for WTS.R2.fq.gz
Approx 15% complete for WTS.R1.fq.gz
Approx 15% complete for WTS.R2.fq.gz
Approx 20% complete for WTS.R1.fq.gz
Approx 20% complete for WTS.R2.fq.gz
Approx 25% complete for WTS.R1.fq.gz
Approx 25% complete for WTS.R2.fq.gz
Approx 30% complete for WTS.R1.fq.gz
Approx 30% complete for WTS.R2.fq.gz
Approx 35% complete for WTS.R1.fq.gz
Approx 35% complete for WTS.R2.fq.gz
Approx 40% complete for WTS.R1.fq.gz
Approx 40% complete for WTS.R2.fq.gz
Approx 45% complete for WTS.R1.fq.gz
Approx 45% complete for WTS.R2.fq.gz
Approx 50% complete for WTS.R1.fq.gz
Approx 50% complete for WTS.R2.fq.gz
Approx 55% complete for WTS.R1.fq.gz
Approx 55% complete for WTS.R2.fq.gz
Approx 60% complete for WTS.R1.fq.gz
Approx 60% complete for WTS.R2.fq.gz
Approx 65% complete for WTS.R1.fq.gz
Approx 65% complete for WTS.R2.fq.gz
Approx 70% complete for WTS.R1.fq.gz
Approx 70% complete for WTS.R2.fq.gz
Approx 75% complete for WTS.R1.fq.gz
Approx 75% complete for WTS.R2.fq.gz
Approx 80% complete for WTS.R1.fq.gz
Approx 80% complete for WTS.R2.fq.gz
Approx 85% complete for WTS.R1.fq.gz
Approx 85% complete for WTS.R2.fq.gz
Approx 90% complete for WTS.R1.fq.gz
Approx 90% complete for WTS.R2.fq.gz
Approx 95% complete for WTS.R1.fq.gz
Approx 95% complete for WTS.R2.fq.gz
Analysis complete for WTS.R1.fq.gz
Analysis complete for WTS.R2.fq.gz
